TN:
SF:src/app.ts
FN:7,(anonymous_1)
FNF:1
FNH:1
FNDA:1,(anonymous_1)
DA:1,1
DA:7,1
DA:8,1
DA:10,1
DA:12,1
DA:14,1
LF:6
LH:6
BRF:0
BRH:0
end_of_record
TN:
SF:src/db/models/contact.service.ts
FN:11,(anonymous_8)
FN:11,(anonymous_9)
FN:15,(anonymous_10)
FN:15,(anonymous_11)
FN:18,(anonymous_12)
FN:18,(anonymous_13)
FN:21,(anonymous_14)
FN:21,(anonymous_15)
FNF:8
FNH:2
FNDA:0,(anonymous_8)
FNDA:0,(anonymous_9)
FNDA:0,(anonymous_10)
FNDA:0,(anonymous_11)
FNDA:0,(anonymous_12)
FNDA:0,(anonymous_13)
FNDA:3,(anonymous_14)
FNDA:3,(anonymous_15)
DA:1,1
DA:2,1
DA:11,1
DA:12,0
DA:15,1
DA:16,0
DA:18,1
DA:19,0
DA:21,3
DA:22,3
LF:10
LH:7
BRF:0
BRH:0
end_of_record
TN:
SF:src/db/models/contacts.model.ts
FNF:0
FNH:0
DA:1,1
DA:14,1
DA:26,1
DA:28,1
LF:4
LH:4
BRF:0
BRH:0
end_of_record
TN:
SF:src/routes/contacts.route.ts
FN:13,(anonymous_8)
FN:16,(anonymous_9)
FN:16,(anonymous_10)
FN:27,(anonymous_11)
FN:27,(anonymous_12)
FN:45,(anonymous_13)
FN:45,(anonymous_14)
FNF:7
FNH:7
FNDA:1,(anonymous_8)
FNDA:2,(anonymous_9)
FNDA:2,(anonymous_10)
FNDA:2,(anonymous_11)
FNDA:2,(anonymous_12)
FNDA:3,(anonymous_13)
FNDA:3,(anonymous_14)
DA:1,1
DA:3,1
DA:4,1
DA:5,1
DA:13,1
DA:14,1
DA:16,2
DA:17,2
DA:18,2
DA:20,1
DA:23,1
DA:27,2
DA:28,2
DA:30,2
DA:31,2
DA:33,1
DA:34,1
DA:35,2
DA:36,2
DA:39,1
DA:41,1
DA:45,3
DA:46,3
DA:48,3
DA:49,3
DA:51,2
DA:52,1
DA:54,1
DA:55,1
DA:57,1
DA:60,1
DA:64,1
LF:32
LH:32
BRDA:51,0,0,1
BRDA:51,0,1,1
BRF:2
BRH:2
end_of_record
TN:
SF:src/util/helper.ts
FN:7,(anonymous_0)
FNF:1
FNH:1
FNDA:6,(anonymous_0)
DA:7,2
DA:8,6
DA:9,6
DA:10,6
DA:12,6
DA:13,1
DA:15,6
LF:7
LH:7
BRDA:9,0,0,2
BRDA:9,0,1,4
BRDA:12,1,0,1
BRDA:12,2,0,6
BRDA:12,2,1,3
BRF:5
BRH:5
end_of_record
TN:
SF:src/util/validator.ts
FN:26,(anonymous_2)
FN:35,(anonymous_3)
FN:48,(anonymous_4)
FN:61,(anonymous_5)
FN:68,(anonymous_6)
FN:14,(anonymous_7)
FN:21,(anonymous_8)
FNF:7
FNH:7
FNDA:5,(anonymous_2)
FNDA:7,(anonymous_3)
FNDA:6,(anonymous_4)
FNDA:18,(anonymous_5)
FNDA:4,(anonymous_6)
FNDA:14,(anonymous_7)
FNDA:31,(anonymous_8)
DA:1,2
DA:9,2
DA:11,2
DA:12,2
DA:14,2
DA:15,14
DA:16,14
DA:17,14
DA:18,14
DA:21,2
DA:22,31
DA:23,31
DA:27,5
DA:29,2
DA:32,5
DA:36,7
DA:37,3
DA:39,4
DA:40,4
DA:41,1
DA:45,7
DA:49,6
DA:50,2
DA:52,4
DA:53,4
DA:54,1
DA:58,6
DA:62,18
DA:63,7
DA:65,18
DA:69,4
DA:70,1
DA:75,2
LF:33
LH:33
BRDA:27,0,0,2
BRDA:27,1,0,5
BRDA:27,1,1,4
BRDA:36,2,0,3
BRDA:36,2,1,4
BRDA:40,3,0,1
BRDA:49,4,0,2
BRDA:49,4,1,4
BRDA:53,5,0,1
BRDA:53,6,0,4
BRDA:53,6,1,3
BRDA:53,6,2,3
BRDA:61,7,0,3
BRDA:62,8,0,7
BRDA:62,9,0,18
BRDA:62,9,1,12
BRDA:69,10,0,1
BRF:17
BRH:17
end_of_record
TN:
SF:src/validation/contacts.validation.ts
FN:4,(anonymous_1)
FN:25,(anonymous_2)
FNF:2
FNH:2
FNDA:3,(anonymous_1)
FNDA:4,(anonymous_2)
DA:2,1
DA:4,1
DA:5,3
DA:7,3
DA:17,3
DA:18,1
DA:20,2
DA:25,1
DA:26,4
DA:28,4
DA:30,4
DA:31,1
DA:33,3
LF:13
LH:13
BRDA:17,0,0,1
BRDA:17,0,1,2
BRDA:30,1,0,1
BRDA:30,1,1,3
BRF:4
BRH:4
end_of_record
TN:
SF:src/validation/index.ts
FNF:0
FNH:0
DA:1,1
LF:1
LH:1
BRF:0
BRH:0
end_of_record
